
*** Running vivado
    with args -log vending.vdi -applog -m64 -product Vivado -messageDb vivado.pb -mode batch -source vending.tcl -notrace



****** Vivado v2024.1 (64-bit)
  **** SW Build 5076996 on Wed May 22 18:37:14 MDT 2024
  **** IP Build 5075265 on Wed May 22 21:45:21 MDT 2024
  **** SharedData Build 5076995 on Wed May 22 18:29:18 MDT 2024
  **** Start of session at: Mon Jun  9 20:58:26 2025
    ** Copyright 1986-2022 Xilinx, Inc. All Rights Reserved.
    ** Copyright 2022-2024 Advanced Micro Devices, Inc. All Rights Reserved.

source vending.tcl -notrace
create_project: Time (s): cpu = 00:00:10 ; elapsed = 00:00:12 . Memory (MB): peak = 513.617 ; gain = 197.254
Command: link_design -top vending -part xcku5p-ffvb676-2-e
Design is defaulting to srcset: sources_1
Design is defaulting to constrset: constrs_1
INFO: [Device 21-403] Loading part xcku5p-ffvb676-2-e
Netlist sorting complete. Time (s): cpu = 00:00:00 ; elapsed = 00:00:00 . Memory (MB): peak = 1582.855 ; gain = 0.000
INFO: [Netlist 29-17] Analyzing 5 Unisim elements for replacement
INFO: [Netlist 29-28] Unisim Transformation completed in 0 CPU seconds
INFO: [Project 1-479] Netlist was created with Vivado 2024.1
INFO: [Project 1-570] Preparing netlist for logic optimization
Read ShapeDB Complete: Time (s): cpu = 00:00:00 ; elapsed = 00:00:00.002 . Memory (MB): peak = 1653.746 ; gain = 0.000
Netlist sorting complete. Time (s): cpu = 00:00:00 ; elapsed = 00:00:00 . Memory (MB): peak = 2051.023 ; gain = 0.000
INFO: [Project 1-111] Unisim Transformation Summary:
  A total of 5 instances were transformed.
  IBUF => IBUF (IBUFCTRL, INBUF): 5 instances

6 Infos, 0 Warnings, 0 Critical Warnings and 0 Errors encountered.
link_design completed successfully
link_design: Time (s): cpu = 00:00:19 ; elapsed = 00:00:21 . Memory (MB): peak = 2051.023 ; gain = 1537.406
Command: opt_design
Attempting to get a license for feature 'Implementation' and/or device 'xcku5p'
INFO: [Common 17-349] Got license for feature 'Implementation' and/or device 'xcku5p'
Running DRC as a precondition to command opt_design

Starting DRC Task
INFO: [DRC 23-27] Running DRC with 2 threads
INFO: [Project 1-461] DRC finished with 0 Errors
INFO: [Project 1-462] Please refer to the DRC report (report_drc) for more information.

Time (s): cpu = 00:00:03 ; elapsed = 00:00:02 . Memory (MB): peak = 2091.445 ; gain = 40.422

Starting Cache Timing Information Task
INFO: [Timing 38-35] Done setting XDC timing constraints.
Ending Cache Timing Information Task | Checksum: 142ac049c

Time (s): cpu = 00:00:03 ; elapsed = 00:00:07 . Memory (MB): peak = 2412.676 ; gain = 321.230

Starting Logic Optimization Task

Phase 1 Initialization

Phase 1.1 Core Generation And Design Setup
Phase 1.1 Core Generation And Design Setup | Checksum: 142ac049c

Time (s): cpu = 00:00:00 ; elapsed = 00:00:00.002 . Memory (MB): peak = 2803.879 ; gain = 0.000

Phase 1.2 Setup Constraints And Sort Netlist
Phase 1.2 Setup Constraints And Sort Netlist | Checksum: 142ac049c

Time (s): cpu = 00:00:00 ; elapsed = 00:00:00.004 . Memory (MB): peak = 2803.879 ; gain = 0.000
Phase 1 Initialization | Checksum: 142ac049c

Time (s): cpu = 00:00:00 ; elapsed = 00:00:00.004 . Memory (MB): peak = 2803.879 ; gain = 0.000

Phase 2 Timer Update And Timing Data Collection

Phase 2.1 Timer Update
Phase 2.1 Timer Update | Checksum: 142ac049c

Time (s): cpu = 00:00:00 ; elapsed = 00:00:00.009 . Memory (MB): peak = 2803.879 ; gain = 0.000

Phase 2.2 Timing Data Collection
Phase 2.2 Timing Data Collection | Checksum: 142ac049c

Time (s): cpu = 00:00:00 ; elapsed = 00:00:00.030 . Memory (MB): peak = 2803.879 ; gain = 0.000
Phase 2 Timer Update And Timing Data Collection | Checksum: 142ac049c

Time (s): cpu = 00:00:00 ; elapsed = 00:00:00.030 . Memory (MB): peak = 2803.879 ; gain = 0.000

Phase 3 Retarget
INFO: [Opt 31-1834] Total Chains To Be Transformed Were: 0 AND Number of Transformed insts Created are: 0
INFO: [Opt 31-138] Pushed 0 inverter(s) to 0 load pin(s).
INFO: [Opt 31-49] Retargeted 0 cell(s).
Phase 3 Retarget | Checksum: 142ac049c

Time (s): cpu = 00:00:00 ; elapsed = 00:00:00.080 . Memory (MB): peak = 2803.879 ; gain = 0.000
Retarget | Checksum: 142ac049c
INFO: [Opt 31-389] Phase Retarget created 0 cells and removed 0 cells

Phase 4 Constant propagation
INFO: [Opt 31-138] Pushed 0 inverter(s) to 0 load pin(s).
Phase 4 Constant propagation | Checksum: 142ac049c

Time (s): cpu = 00:00:00 ; elapsed = 00:00:00.083 . Memory (MB): peak = 2803.879 ; gain = 0.000
Constant propagation | Checksum: 142ac049c
INFO: [Opt 31-389] Phase Constant propagation created 0 cells and removed 0 cells

Phase 5 Sweep
Phase 5 Sweep | Checksum: 142ac049c

Time (s): cpu = 00:00:00 ; elapsed = 00:00:00.087 . Memory (MB): peak = 2803.879 ; gain = 0.000
Sweep | Checksum: 142ac049c
INFO: [Opt 31-389] Phase Sweep created 0 cells and removed 0 cells

Phase 6 BUFG optimization
INFO: [Opt 31-1077] Phase BUFG optimization inserted 0 global clock buffer(s) for CLOCK_LOW_FANOUT.
Phase 6 BUFG optimization | Checksum: 142ac049c

Time (s): cpu = 00:00:00 ; elapsed = 00:00:00.145 . Memory (MB): peak = 2803.879 ; gain = 0.000
BUFG optimization | Checksum: 142ac049c
INFO: [Opt 31-662] Phase BUFG optimization created 0 cells of which 0 are BUFGs and removed 0 cells.

Phase 7 Shift Register Optimization
INFO: [Opt 31-1064] SRL Remap converted 0 SRLs to 0 registers and converted 0 registers of register chains to 0 SRLs
Phase 7 Shift Register Optimization | Checksum: 142ac049c

Time (s): cpu = 00:00:00 ; elapsed = 00:00:00.149 . Memory (MB): peak = 2803.879 ; gain = 0.000
Shift Register Optimization | Checksum: 142ac049c
INFO: [Opt 31-389] Phase Shift Register Optimization created 0 cells and removed 0 cells

Phase 8 Post Processing Netlist
Phase 8 Post Processing Netlist | Checksum: 142ac049c

Time (s): cpu = 00:00:00 ; elapsed = 00:00:00.150 . Memory (MB): peak = 2803.879 ; gain = 0.000
Post Processing Netlist | Checksum: 142ac049c
INFO: [Opt 31-389] Phase Post Processing Netlist created 0 cells and removed 0 cells

Phase 9 Finalization

Phase 9.1 Finalizing Design Cores and Updating Shapes
Phase 9.1 Finalizing Design Cores and Updating Shapes | Checksum: 142ac049c

Time (s): cpu = 00:00:00 ; elapsed = 00:00:00.151 . Memory (MB): peak = 2803.879 ; gain = 0.000

Phase 9.2 Verifying Netlist Connectivity

Starting Connectivity Check Task

Time (s): cpu = 00:00:00 ; elapsed = 00:00:00 . Memory (MB): peak = 2803.879 ; gain = 0.000
Phase 9.2 Verifying Netlist Connectivity | Checksum: 142ac049c

Time (s): cpu = 00:00:00 ; elapsed = 00:00:00.152 . Memory (MB): peak = 2803.879 ; gain = 0.000
Phase 9 Finalization | Checksum: 142ac049c

Time (s): cpu = 00:00:00 ; elapsed = 00:00:00.152 . Memory (MB): peak = 2803.879 ; gain = 0.000
Opt_design Change Summary
=========================


-------------------------------------------------------------------------------------------------------------------------
|  Phase                        |  #Cells created  |  #Cells Removed  |  #Constrained objects preventing optimizations  |
-------------------------------------------------------------------------------------------------------------------------
|  Retarget                     |               0  |               0  |                                              0  |
|  Constant propagation         |               0  |               0  |                                              0  |
|  Sweep                        |               0  |               0  |                                              0  |
|  BUFG optimization            |               0  |               0  |                                              0  |
|  Shift Register Optimization  |               0  |               0  |                                              0  |
|  Post Processing Netlist      |               0  |               0  |                                              0  |
-------------------------------------------------------------------------------------------------------------------------


Ending Logic Optimization Task | Checksum: 142ac049c

Time (s): cpu = 00:00:00 ; elapsed = 00:00:00.154 . Memory (MB): peak = 2803.879 ; gain = 0.000

Starting Power Optimization Task
INFO: [Pwropt 34-132] Skipping clock gating for clocks with a period < 2.00 ns.
Ending Power Optimization Task | Checksum: 142ac049c

Time (s): cpu = 00:00:00 ; elapsed = 00:00:00.025 . Memory (MB): peak = 2803.879 ; gain = 0.000

Starting Final Cleanup Task
Ending Final Cleanup Task | Checksum: 142ac049c

Time (s): cpu = 00:00:00 ; elapsed = 00:00:00 . Memory (MB): peak = 2803.879 ; gain = 0.000

Starting Netlist Obfuscation Task
Netlist sorting complete. Time (s): cpu = 00:00:00 ; elapsed = 00:00:00 . Memory (MB): peak = 2803.879 ; gain = 0.000
Ending Netlist Obfuscation Task | Checksum: 142ac049c

Time (s): cpu = 00:00:00 ; elapsed = 00:00:00 . Memory (MB): peak = 2803.879 ; gain = 0.000
INFO: [Common 17-83] Releasing license: Implementation
25 Infos, 0 Warnings, 0 Critical Warnings and 0 Errors encountered.
opt_design completed successfully
opt_design: Time (s): cpu = 00:00:10 ; elapsed = 00:00:14 . Memory (MB): peak = 2803.879 ; gain = 752.855
INFO: [Vivado 12-24828] Executing command : report_drc -file vending_drc_opted.rpt -pb vending_drc_opted.pb -rpx vending_drc_opted.rpx
Command: report_drc -file vending_drc_opted.rpt -pb vending_drc_opted.pb -rpx vending_drc_opted.rpx
INFO: [IP_Flow 19-234] Refreshing IP repositories
INFO: [IP_Flow 19-1704] No user IP repositories specified
INFO: [IP_Flow 19-2313] Loaded Vivado IP repository 'C:/Xilinx/Vivado/2024.1/data/ip'.
INFO: [DRC 23-27] Running DRC with 2 threads
INFO: [Vivado_Tcl 2-168] The results of DRC are in file C:/Users/Ambikesh Singh/Desktop/vivado_files/vending_machine/vending_machine.runs/impl_1/vending_drc_opted.rpt.
report_drc completed successfully
Write ShapeDB Complete: Time (s): cpu = 00:00:00 ; elapsed = 00:00:00.002 . Memory (MB): peak = 2803.879 ; gain = 0.000
INFO: [Common 17-1381] The checkpoint 'C:/Users/Ambikesh Singh/Desktop/vivado_files/vending_machine/vending_machine.runs/impl_1/vending_opt.dcp' has been generated.
Command: place_design
Attempting to get a license for feature 'Implementation' and/or device 'xcku5p'
INFO: [Common 17-349] Got license for feature 'Implementation' and/or device 'xcku5p'
INFO: [Common 17-83] Releasing license: Implementation
INFO: [DRC 23-27] Running DRC with 2 threads
INFO: [Vivado_Tcl 4-198] DRC finished with 0 Errors
INFO: [Vivado_Tcl 4-199] Please refer to the DRC report (report_drc) for more information.
Running DRC as a precondition to command place_design
INFO: [DRC 23-27] Running DRC with 2 threads
INFO: [Vivado_Tcl 4-198] DRC finished with 0 Errors
INFO: [Vivado_Tcl 4-199] Please refer to the DRC report (report_drc) for more information.
INFO: [Place 30-611] Multithreading enabled for place_design using a maximum of 2 CPUs

Starting Placer Task

Phase 1 Placer Initialization

Phase 1.1 Placer Initialization Netlist Sorting
Netlist sorting complete. Time (s): cpu = 00:00:00 ; elapsed = 00:00:00 . Memory (MB): peak = 2803.879 ; gain = 0.000
Phase 1.1 Placer Initialization Netlist Sorting | Checksum: e924e067

Time (s): cpu = 00:00:00 ; elapsed = 00:00:00.010 . Memory (MB): peak = 2803.879 ; gain = 0.000
Netlist sorting complete. Time (s): cpu = 00:00:00 ; elapsed = 00:00:00 . Memory (MB): peak = 2803.879 ; gain = 0.000

Phase 1.2 IO Placement/ Clock Placement/ Build Placer Device
INFO: [Timing 38-35] Done setting XDC timing constraints.
Phase 1.2 IO Placement/ Clock Placement/ Build Placer Device | Checksum: 11ee1dcff

Time (s): cpu = 00:00:01 ; elapsed = 00:00:00.397 . Memory (MB): peak = 2812.766 ; gain = 8.887

Phase 1.3 Build Placer Netlist Model
Phase 1.3 Build Placer Netlist Model | Checksum: 208ce4ff0

Time (s): cpu = 00:00:05 ; elapsed = 00:00:05 . Memory (MB): peak = 2859.039 ; gain = 55.160

Phase 1.4 Constrain Clocks/Macros
Phase 1.4 Constrain Clocks/Macros | Checksum: 208ce4ff0

Time (s): cpu = 00:00:05 ; elapsed = 00:00:05 . Memory (MB): peak = 2859.039 ; gain = 55.160
Phase 1 Placer Initialization | Checksum: 208ce4ff0

Time (s): cpu = 00:00:05 ; elapsed = 00:00:05 . Memory (MB): peak = 2860.242 ; gain = 56.363

Phase 2 Global Placement

Phase 2.1 Floorplanning

Phase 2.1.1 Partition Driven Placement

Phase 2.1.1.1 PBP: Partition Driven Placement
Phase 2.1.1.1 PBP: Partition Driven Placement | Checksum: 208ce4ff0

Time (s): cpu = 00:00:05 ; elapsed = 00:00:05 . Memory (MB): peak = 2862.363 ; gain = 58.484

Phase 2.1.1.2 PBP: Clock Region Placement
INFO: [Place 30-3162] Check ILP status : ILP-based clock placer completed successfully.
Phase 2.1.1.2 PBP: Clock Region Placement | Checksum: 208ce4ff0

Time (s): cpu = 00:00:05 ; elapsed = 00:00:05 . Memory (MB): peak = 2864.465 ; gain = 60.586

Phase 2.1.1.3 PBP: Compute Congestion
Phase 2.1.1.3 PBP: Compute Congestion | Checksum: 208ce4ff0

Time (s): cpu = 00:00:20 ; elapsed = 00:00:14 . Memory (MB): peak = 3255.836 ; gain = 451.957

Phase 2.1.1.4 PBP: Add part constraints
Phase 2.1.1.4 PBP: Add part constraints | Checksum: 208ce4ff0

Time (s): cpu = 00:00:20 ; elapsed = 00:00:14 . Memory (MB): peak = 3255.836 ; gain = 451.957
Phase 2.1.1 Partition Driven Placement | Checksum: 208ce4ff0

Time (s): cpu = 00:00:20 ; elapsed = 00:00:14 . Memory (MB): peak = 3255.836 ; gain = 451.957
Phase 2.1 Floorplanning | Checksum: 208ce4ff0

Time (s): cpu = 00:00:20 ; elapsed = 00:00:14 . Memory (MB): peak = 3255.836 ; gain = 451.957

Phase 2.2 Update Timing before SLR Path Opt
Phase 2.2 Update Timing before SLR Path Opt | Checksum: 208ce4ff0

Time (s): cpu = 00:00:20 ; elapsed = 00:00:14 . Memory (MB): peak = 3255.836 ; gain = 451.957

Phase 2.3 Post-Processing in Floorplanning
Phase 2.3 Post-Processing in Floorplanning | Checksum: 208ce4ff0

Time (s): cpu = 00:00:20 ; elapsed = 00:00:14 . Memory (MB): peak = 3255.836 ; gain = 451.957

Phase 2.4 Global Placement Core
WARNING: [Place 46-29] Timing had been disabled during Placer and, therefore, physical synthesis in Placer will be skipped.
Phase 2.4 Global Placement Core | Checksum: 18c0ebe22

Time (s): cpu = 00:01:31 ; elapsed = 00:00:53 . Memory (MB): peak = 3423.426 ; gain = 619.547
Phase 2 Global Placement | Checksum: 18c0ebe22

Time (s): cpu = 00:01:31 ; elapsed = 00:00:53 . Memory (MB): peak = 3423.426 ; gain = 619.547

Phase 3 Detail Placement

Phase 3.1 Commit Multi Column Macros
Phase 3.1 Commit Multi Column Macros | Checksum: 18c0ebe22

Time (s): cpu = 00:01:45 ; elapsed = 00:01:01 . Memory (MB): peak = 3423.426 ; gain = 619.547

Phase 3.2 Commit Most Macros & LUTRAMs
Phase 3.2 Commit Most Macros & LUTRAMs | Checksum: 18c0ebe22

Time (s): cpu = 00:01:45 ; elapsed = 00:01:01 . Memory (MB): peak = 3423.426 ; gain = 619.547

Phase 3.3 Small Shape DP

Phase 3.3.1 Small Shape Clustering
Phase 3.3.1 Small Shape Clustering | Checksum: 13130d4e4

Time (s): cpu = 00:02:14 ; elapsed = 00:01:17 . Memory (MB): peak = 3423.426 ; gain = 619.547

Phase 3.3.2 Slice Area Swap

Phase 3.3.2.1 Slice Area Swap Initial
Phase 3.3.2.1 Slice Area Swap Initial | Checksum: 193d5c5d1

Time (s): cpu = 00:02:28 ; elapsed = 00:01:24 . Memory (MB): peak = 3423.426 ; gain = 619.547
Phase 3.3.2 Slice Area Swap | Checksum: 193d5c5d1

Time (s): cpu = 00:02:28 ; elapsed = 00:01:25 . Memory (MB): peak = 3423.426 ; gain = 619.547
Phase 3.3 Small Shape DP | Checksum: 14afe6ca7

Time (s): cpu = 00:02:57 ; elapsed = 00:01:40 . Memory (MB): peak = 3429.367 ; gain = 625.488

Phase 3.4 Re-assign LUT pins
Phase 3.4 Re-assign LUT pins | Checksum: 14afe6ca7

Time (s): cpu = 00:02:59 ; elapsed = 00:01:42 . Memory (MB): peak = 3429.367 ; gain = 625.488

Phase 3.5 Pipeline Register Optimization
Phase 3.5 Pipeline Register Optimization | Checksum: 14afe6ca7

Time (s): cpu = 00:02:59 ; elapsed = 00:01:42 . Memory (MB): peak = 3429.367 ; gain = 625.488
Phase 3 Detail Placement | Checksum: 14afe6ca7

Time (s): cpu = 00:02:59 ; elapsed = 00:01:42 . Memory (MB): peak = 3429.367 ; gain = 625.488

Phase 4 Post Placement Optimization and Clean-Up

Phase 4.1 Post Commit Optimization
Phase 4.1 Post Commit Optimization | Checksum: 14afe6ca7

Time (s): cpu = 00:03:13 ; elapsed = 00:01:50 . Memory (MB): peak = 3429.367 ; gain = 625.488
Netlist sorting complete. Time (s): cpu = 00:00:00 ; elapsed = 00:00:00 . Memory (MB): peak = 3429.367 ; gain = 0.000

Phase 4.2 Post Placement Cleanup
Phase 4.2 Post Placement Cleanup | Checksum: 1884b9b54

Time (s): cpu = 00:03:37 ; elapsed = 00:02:08 . Memory (MB): peak = 3429.367 ; gain = 625.488

Phase 4.3 Placer Reporting

Phase 4.3.1 Print Estimated Congestion
INFO: [Place 30-612] Post-Placement Estimated Congestion 
 ________________________________________________________________________
|           | Global Congestion | Long Congestion   | Short Congestion  |
| Direction | Region Size       | Region Size       | Region Size       |
|___________|___________________|___________________|___________________|
|      North|                1x1|                1x1|                1x1|
|___________|___________________|___________________|___________________|
|      South|                1x1|                1x1|                1x1|
|___________|___________________|___________________|___________________|
|       East|                1x1|                1x1|                1x1|
|___________|___________________|___________________|___________________|
|       West|                1x1|                1x1|                1x1|
|___________|___________________|___________________|___________________|

Phase 4.3.1 Print Estimated Congestion | Checksum: 1884b9b54

Time (s): cpu = 00:03:37 ; elapsed = 00:02:08 . Memory (MB): peak = 3429.367 ; gain = 625.488
Phase 4.3 Placer Reporting | Checksum: 1884b9b54

Time (s): cpu = 00:03:37 ; elapsed = 00:02:08 . Memory (MB): peak = 3429.367 ; gain = 625.488

Phase 4.4 Final Placement Cleanup
Netlist sorting complete. Time (s): cpu = 00:00:00 ; elapsed = 00:00:00 . Memory (MB): peak = 3429.367 ; gain = 0.000

Time (s): cpu = 00:03:37 ; elapsed = 00:02:08 . Memory (MB): peak = 3429.367 ; gain = 625.488
Phase 4 Post Placement Optimization and Clean-Up | Checksum: 1884b9b54

Time (s): cpu = 00:03:37 ; elapsed = 00:02:08 . Memory (MB): peak = 3429.367 ; gain = 625.488
Ending Placer Task | Checksum: 14364d909

Time (s): cpu = 00:03:37 ; elapsed = 00:02:08 . Memory (MB): peak = 3429.367 ; gain = 625.488
44 Infos, 1 Warnings, 0 Critical Warnings and 0 Errors encountered.
place_design completed successfully
place_design: Time (s): cpu = 00:03:42 ; elapsed = 00:02:11 . Memory (MB): peak = 3429.367 ; gain = 625.488
INFO: [Vivado 12-24838] Running report commands "report_control_sets, report_io, report_utilization" in parallel.
Running report generation with 2 threads.
INFO: [Vivado 12-24828] Executing command : report_utilization -file vending_utilization_placed.rpt -pb vending_utilization_placed.pb
INFO: [Vivado 12-24828] Executing command : report_control_sets -verbose -file vending_control_sets_placed.rpt
report_control_sets: Time (s): cpu = 00:00:00 ; elapsed = 00:00:00.003 . Memory (MB): peak = 3429.367 ; gain = 0.000
INFO: [Vivado 12-24828] Executing command : report_io -file vending_io_placed.rpt
report_io: Time (s): cpu = 00:00:01 ; elapsed = 00:00:00.140 . Memory (MB): peak = 3429.367 ; gain = 0.000
Write ShapeDB Complete: Time (s): cpu = 00:00:00 ; elapsed = 00:00:00.002 . Memory (MB): peak = 3429.367 ; gain = 0.000
Wrote PlaceDB: Time (s): cpu = 00:00:00 ; elapsed = 00:00:00.003 . Memory (MB): peak = 3429.367 ; gain = 0.000
Wrote PulsedLatchDB: Time (s): cpu = 00:00:00 ; elapsed = 00:00:00 . Memory (MB): peak = 3429.367 ; gain = 0.000
Writing XDEF routing.
Writing XDEF routing logical nets.
Writing XDEF routing special nets.
Wrote RouteStorage: Time (s): cpu = 00:00:00 ; elapsed = 00:00:00.203 . Memory (MB): peak = 3429.367 ; gain = 0.000
Wrote Netlist Cache: Time (s): cpu = 00:00:00 ; elapsed = 00:00:00 . Memory (MB): peak = 3429.367 ; gain = 0.000
Wrote Device Cache: Time (s): cpu = 00:00:00 ; elapsed = 00:00:00.037 . Memory (MB): peak = 3429.367 ; gain = 0.000
Write Physdb Complete: Time (s): cpu = 00:00:00 ; elapsed = 00:00:00.261 . Memory (MB): peak = 3429.367 ; gain = 0.000
INFO: [Common 17-1381] The checkpoint 'C:/Users/Ambikesh Singh/Desktop/vivado_files/vending_machine/vending_machine.runs/impl_1/vending_placed.dcp' has been generated.
Command: phys_opt_design
Attempting to get a license for feature 'Implementation' and/or device 'xcku5p'
INFO: [Common 17-349] Got license for feature 'Implementation' and/or device 'xcku5p'

Starting Initial Update Timing Task

Time (s): cpu = 00:00:33 ; elapsed = 00:00:37 . Memory (MB): peak = 4024.367 ; gain = 595.000
INFO: [Vivado_Tcl 4-235] No timing constraint found. The netlist was not modified.
INFO: [Common 17-83] Releasing license: Implementation
52 Infos, 1 Warnings, 0 Critical Warnings and 0 Errors encountered.
phys_opt_design completed successfully
phys_opt_design: Time (s): cpu = 00:00:33 ; elapsed = 00:00:37 . Memory (MB): peak = 4024.367 ; gain = 595.000
Write ShapeDB Complete: Time (s): cpu = 00:00:00 ; elapsed = 00:00:00.002 . Memory (MB): peak = 4024.367 ; gain = 0.000
Wrote PlaceDB: Time (s): cpu = 00:00:00 ; elapsed = 00:00:00.008 . Memory (MB): peak = 4024.367 ; gain = 0.000
Wrote PulsedLatchDB: Time (s): cpu = 00:00:00 ; elapsed = 00:00:00 . Memory (MB): peak = 4024.367 ; gain = 0.000
Writing XDEF routing.
Writing XDEF routing logical nets.
Writing XDEF routing special nets.
Wrote RouteStorage: Time (s): cpu = 00:00:00 ; elapsed = 00:00:00.167 . Memory (MB): peak = 4024.367 ; gain = 0.000
Wrote Netlist Cache: Time (s): cpu = 00:00:00 ; elapsed = 00:00:00.001 . Memory (MB): peak = 4024.367 ; gain = 0.000
Wrote Device Cache: Time (s): cpu = 00:00:00 ; elapsed = 00:00:00.069 . Memory (MB): peak = 4024.367 ; gain = 0.000
Write Physdb Complete: Time (s): cpu = 00:00:00 ; elapsed = 00:00:00.294 . Memory (MB): peak = 4024.367 ; gain = 0.000
INFO: [Common 17-1381] The checkpoint 'C:/Users/Ambikesh Singh/Desktop/vivado_files/vending_machine/vending_machine.runs/impl_1/vending_physopt.dcp' has been generated.
Command: route_design
Attempting to get a license for feature 'Implementation' and/or device 'xcku5p'
INFO: [Common 17-349] Got license for feature 'Implementation' and/or device 'xcku5p'
Running DRC as a precondition to command route_design
INFO: [DRC 23-27] Running DRC with 2 threads
INFO: [Vivado_Tcl 4-198] DRC finished with 0 Errors
INFO: [Vivado_Tcl 4-199] Please refer to the DRC report (report_drc) for more information.


Starting Routing Task
INFO: [Route 35-254] Multithreading enabled for route_design using a maximum of 8 CPUs

Phase 1 Build RT Design
Checksum: PlaceDB: 1cf2c9f5 ConstDB: 0 ShapeSum: 327ded0b RouteDB: f3f42209
Nodegraph reading from file.  Time (s): cpu = 00:00:04 ; elapsed = 00:00:04 . Memory (MB): peak = 4024.367 ; gain = 0.000
Post Restoration Checksum: NetGraph: 22a3d943 | NumContArr: c2b60e44 | Constraints: 1bcf9149 | Timing: c2a8fa9d
Phase 1 Build RT Design | Checksum: 1c3d2736d

Time (s): cpu = 00:00:12 ; elapsed = 00:00:13 . Memory (MB): peak = 4024.367 ; gain = 0.000

Phase 2 Router Initialization
INFO: [Route 35-64] No timing constraints were detected. The router will operate in resource-optimization mode.

Phase 2.1 Fix Topology Constraints
Phase 2.1 Fix Topology Constraints | Checksum: 1c3d2736d

Time (s): cpu = 00:00:12 ; elapsed = 00:00:13 . Memory (MB): peak = 4024.367 ; gain = 0.000

Phase 2.2 Pre Route Cleanup
Phase 2.2 Pre Route Cleanup | Checksum: 1c3d2736d

Time (s): cpu = 00:00:12 ; elapsed = 00:00:13 . Memory (MB): peak = 4024.367 ; gain = 0.000

Phase 2.3 Global Clock Net Routing
 Number of Nodes with overlaps = 0
Phase 2.3 Global Clock Net Routing | Checksum: 174e608c0

Time (s): cpu = 00:00:15 ; elapsed = 00:00:14 . Memory (MB): peak = 4024.367 ; gain = 0.000

Router Utilization Summary
  Global Vertical Routing Utilization    = 0 %
  Global Horizontal Routing Utilization  = 0 %
  Routable Net Status*
  *Does not include unroutable nets such as driverless and loadless.
  Run report_route_status for detailed report.
  Number of Failed Nets               = 21
    (Failed Nets is the sum of unrouted and partially routed nets)
  Number of Unrouted Nets             = 20
  Number of Partially Routed Nets     = 1
  Number of Node Overlaps             = 0

Phase 2 Router Initialization | Checksum: 174e608c0

Time (s): cpu = 00:00:19 ; elapsed = 00:00:16 . Memory (MB): peak = 4024.367 ; gain = 0.000

Phase 3 Global Routing
Phase 3 Global Routing | Checksum: 174e608c0

Time (s): cpu = 00:00:19 ; elapsed = 00:00:16 . Memory (MB): peak = 4024.367 ; gain = 0.000

Phase 4 Initial Routing

Phase 4.1 Initial Net Routing Pass
Phase 4.1 Initial Net Routing Pass | Checksum: 191b4988f

Time (s): cpu = 00:00:22 ; elapsed = 00:00:17 . Memory (MB): peak = 4024.367 ; gain = 0.000
Phase 4 Initial Routing | Checksum: 191b4988f

Time (s): cpu = 00:00:22 ; elapsed = 00:00:17 . Memory (MB): peak = 4024.367 ; gain = 0.000

Phase 5 Rip-up And Reroute

Phase 5.1 Global Iteration 0
 Number of Nodes with overlaps = 0
Phase 5.1 Global Iteration 0 | Checksum: 1a6973405

Time (s): cpu = 00:00:22 ; elapsed = 00:00:17 . Memory (MB): peak = 4024.367 ; gain = 0.000
Phase 5 Rip-up And Reroute | Checksum: 1a6973405

Time (s): cpu = 00:00:22 ; elapsed = 00:00:17 . Memory (MB): peak = 4024.367 ; gain = 0.000

Phase 6 Delay and Skew Optimization
Phase 6 Delay and Skew Optimization | Checksum: 1a6973405

Time (s): cpu = 00:00:22 ; elapsed = 00:00:17 . Memory (MB): peak = 4024.367 ; gain = 0.000

Phase 7 Post Hold Fix

Phase 7.1 Hold Fix Iter
Phase 7.1 Hold Fix Iter | Checksum: 1a6973405

Time (s): cpu = 00:00:22 ; elapsed = 00:00:17 . Memory (MB): peak = 4024.367 ; gain = 0.000
Phase 7 Post Hold Fix | Checksum: 1a6973405

Time (s): cpu = 00:00:22 ; elapsed = 00:00:17 . Memory (MB): peak = 4024.367 ; gain = 0.000

Phase 8 Route finalize

Router Utilization Summary
  Global Vertical Routing Utilization    = 0.000616154 %
  Global Horizontal Routing Utilization  = 0.000268748 %
  Routable Net Status*
  *Does not include unroutable nets such as driverless and loadless.
  Run report_route_status for detailed report.
  Number of Failed Nets               = 0
    (Failed Nets is the sum of unrouted and partially routed nets)
  Number of Unrouted Nets             = 0
  Number of Partially Routed Nets     = 0
  Number of Node Overlaps             = 0


--GLOBAL Congestion:
Utilization threshold used for congestion level computation: 0.85
Congestion Report
North Dir 1x1 Area, Max Cong = 5.6338%, No Congested Regions.
South Dir 1x1 Area, Max Cong = 0.473934%, No Congested Regions.
East Dir 1x1 Area, Max Cong = 1.92308%, No Congested Regions.
West Dir 1x1 Area, Max Cong = 1.92308%, No Congested Regions.

------------------------------
Reporting congestion hotspots
------------------------------
Direction: North
----------------
Congested clusters found at Level 0
Effective congestion level: 0 Aspect Ratio: 1 Sparse Ratio: 0
Direction: South
----------------
Congested clusters found at Level 0
Effective congestion level: 0 Aspect Ratio: 1 Sparse Ratio: 0
Direction: East
----------------
Congested clusters found at Level 0
Effective congestion level: 0 Aspect Ratio: 1 Sparse Ratio: 0
Direction: West
----------------
Congested clusters found at Level 0
Effective congestion level: 0 Aspect Ratio: 1 Sparse Ratio: 0

Phase 8 Route finalize | Checksum: 1a6973405

Time (s): cpu = 00:00:23 ; elapsed = 00:00:17 . Memory (MB): peak = 4024.367 ; gain = 0.000

Phase 9 Verifying routed nets

 Verification completed successfully
Phase 9 Verifying routed nets | Checksum: 1a6973405

Time (s): cpu = 00:00:23 ; elapsed = 00:00:17 . Memory (MB): peak = 4024.367 ; gain = 0.000

Phase 10 Depositing Routes
Phase 10 Depositing Routes | Checksum: 1a6973405

Time (s): cpu = 00:00:23 ; elapsed = 00:00:17 . Memory (MB): peak = 4024.367 ; gain = 0.000

Phase 11 Resolve XTalk

Skipping xtalk assignment for non timing driven mode.
Phase 11 Resolve XTalk | Checksum: 1a6973405

Time (s): cpu = 00:00:23 ; elapsed = 00:00:17 . Memory (MB): peak = 4024.367 ; gain = 0.000

Phase 12 Post Process Routing
Phase 12 Post Process Routing | Checksum: 1a6973405

Time (s): cpu = 00:00:23 ; elapsed = 00:00:17 . Memory (MB): peak = 4024.367 ; gain = 0.000
Time taken to check if laguna hold fix is required (in secs): 0
Skip PhysOpt in Router because non-negative WNS value: 1e+30 .
Total Elapsed time in route_design: 17.305 secs

Phase 13 Post-Route Event Processing
Phase 13 Post-Route Event Processing | Checksum: d9a1e8f8

Time (s): cpu = 00:00:23 ; elapsed = 00:00:17 . Memory (MB): peak = 4024.367 ; gain = 0.000
INFO: [Route 35-16] Router Completed Successfully
Ending Routing Task | Checksum: d9a1e8f8

Time (s): cpu = 00:00:23 ; elapsed = 00:00:17 . Memory (MB): peak = 4024.367 ; gain = 0.000

Routing Is Done.
INFO: [Common 17-83] Releasing license: Implementation
61 Infos, 1 Warnings, 0 Critical Warnings and 0 Errors encountered.
route_design completed successfully
route_design: Time (s): cpu = 00:00:30 ; elapsed = 00:00:22 . Memory (MB): peak = 4024.367 ; gain = 0.000
INFO: [Vivado 12-24828] Executing command : report_drc -file vending_drc_routed.rpt -pb vending_drc_routed.pb -rpx vending_drc_routed.rpx
Command: report_drc -file vending_drc_routed.rpt -pb vending_drc_routed.pb -rpx vending_drc_routed.rpx
INFO: [IP_Flow 19-1839] IP Catalog is up to date.
INFO: [DRC 23-27] Running DRC with 2 threads
INFO: [Vivado_Tcl 2-168] The results of DRC are in file C:/Users/Ambikesh Singh/Desktop/vivado_files/vending_machine/vending_machine.runs/impl_1/vending_drc_routed.rpt.
report_drc completed successfully
report_drc: Time (s): cpu = 00:00:08 ; elapsed = 00:00:05 . Memory (MB): peak = 4024.367 ; gain = 0.000
INFO: [Vivado 12-24828] Executing command : report_methodology -file vending_methodology_drc_routed.rpt -pb vending_methodology_drc_routed.pb -rpx vending_methodology_drc_routed.rpx
Command: report_methodology -file vending_methodology_drc_routed.rpt -pb vending_methodology_drc_routed.pb -rpx vending_methodology_drc_routed.rpx
INFO: [Timing 38-35] Done setting XDC timing constraints.
INFO: [DRC 23-133] Running Methodology with 2 threads
INFO: [Vivado_Tcl 2-1520] The results of Report Methodology are in file C:/Users/Ambikesh Singh/Desktop/vivado_files/vending_machine/vending_machine.runs/impl_1/vending_methodology_drc_routed.rpt.
report_methodology completed successfully
INFO: [Vivado 12-24828] Executing command : report_timing_summary -max_paths 10 -report_unconstrained -file vending_timing_summary_routed.rpt -pb vending_timing_summary_routed.pb -rpx vending_timing_summary_routed.rpx -warn_on_violation 
INFO: [Timing 38-35] Done setting XDC timing constraints.
INFO: [Timing 38-91] UpdateTimingParams: Speed grade: -2, Temperature grade: E, Delay Type: min_max.
INFO: [Timing 38-191] Multithreading enabled for timing update using a maximum of 2 CPUs
WARNING: [Timing 38-313] There are no user specified timing constraints. Timing constraints are needed for proper timing analysis.
INFO: [Vivado 12-24838] Running report commands "report_incremental_reuse, report_route_status" in parallel.
Running report generation with 2 threads.
INFO: [Vivado 12-24828] Executing command : report_route_status -file vending_route_status.rpt -pb vending_route_status.pb
INFO: [Vivado 12-24828] Executing command : report_incremental_reuse -file vending_incremental_reuse_routed.rpt
INFO: [Vivado_Tcl 4-1062] Incremental flow is disabled. No incremental reuse Info to report.
INFO: [Vivado 12-24828] Executing command : report_power -file vending_power_routed.rpt -pb vending_power_summary_routed.pb -rpx vending_power_routed.rpx
Command: report_power -file vending_power_routed.rpt -pb vending_power_summary_routed.pb -rpx vending_power_routed.rpx
WARNING: [Power 33-232] No user defined clocks were found in the design! Power estimation will be inaccurate until this is corrected.
Resolution: Please specify clocks using create_clock/create_generated_clock for sequential elements. For pure combinatorial circuits, please specify a virtual clock, otherwise the vectorless estimation might be inaccurate
Running Vector-less Activity Propagation...

Finished Running Vector-less Activity Propagation
78 Infos, 3 Warnings, 0 Critical Warnings and 0 Errors encountered.
report_power completed successfully
report_power: Time (s): cpu = 00:00:15 ; elapsed = 00:00:16 . Memory (MB): peak = 4024.367 ; gain = 0.000
INFO: [Vivado 12-24828] Executing command : report_clock_utilization -file vending_clock_utilization_routed.rpt
WARNING: [Device 21-9320] Failed to find the Oracle tile group with name 'HSR_BOUNDARY_TOP'. This is required for Clock regions and Virtual grid.
WARNING: [Device 21-2174] Failed to initialize Virtual grid.
INFO: [Vivado 12-24828] Executing command : report_bus_skew -warn_on_violation -file vending_bus_skew_routed.rpt -pb vending_bus_skew_routed.pb -rpx vending_bus_skew_routed.rpx
INFO: [Timing 38-91] UpdateTimingParams: Speed grade: -2, Temperature grade: E, Delay Type: min_max.
INFO: [Timing 38-191] Multithreading enabled for timing update using a maximum of 2 CPUs
generate_parallel_reports: Time (s): cpu = 00:00:33 ; elapsed = 00:00:29 . Memory (MB): peak = 4024.367 ; gain = 0.000
Write ShapeDB Complete: Time (s): cpu = 00:00:00 ; elapsed = 00:00:00.003 . Memory (MB): peak = 4024.367 ; gain = 0.000
Wrote PlaceDB: Time (s): cpu = 00:00:00 ; elapsed = 00:00:00.007 . Memory (MB): peak = 4024.367 ; gain = 0.000
Wrote PulsedLatchDB: Time (s): cpu = 00:00:00 ; elapsed = 00:00:00 . Memory (MB): peak = 4024.367 ; gain = 0.000
Writing XDEF routing.
Writing XDEF routing logical nets.
Writing XDEF routing special nets.
Wrote RouteStorage: Time (s): cpu = 00:00:00 ; elapsed = 00:00:00.177 . Memory (MB): peak = 4024.367 ; gain = 0.000
Wrote Netlist Cache: Time (s): cpu = 00:00:00 ; elapsed = 00:00:00 . Memory (MB): peak = 4024.367 ; gain = 0.000
Wrote Device Cache: Time (s): cpu = 00:00:00 ; elapsed = 00:00:00.058 . Memory (MB): peak = 4024.367 ; gain = 0.000
Write Physdb Complete: Time (s): cpu = 00:00:00 ; elapsed = 00:00:00.268 . Memory (MB): peak = 4024.367 ; gain = 0.000
INFO: [Common 17-1381] The checkpoint 'C:/Users/Ambikesh Singh/Desktop/vivado_files/vending_machine/vending_machine.runs/impl_1/vending_routed.dcp' has been generated.
INFO: [Common 17-206] Exiting Vivado at Mon Jun  9 21:03:05 2025...
